<?xml version="1.0" encoding="UTF-8"?>
<testng-results skipped="0" failed="1" ignored="0" total="1" passed="0">
  <reporter-output>
  </reporter-output>
  <suite name="Default suite" duration-ms="10266" started-at="2018-11-02T15:43:59Z" finished-at="2018-11-02T15:44:09Z">
    <groups>
    </groups>
    <test name="Default test" duration-ms="10266" started-at="2018-11-02T15:43:59Z" finished-at="2018-11-02T15:44:09Z">
      <class name="test.java.NGtests">
        <test-method status="PASS" signature="BeforeTests()[pri:0, instance:test.java.NGtests@29774679]" name="BeforeTests" is-config="true" duration-ms="4879" started-at="2018-11-02T15:43:59Z" finished-at="2018-11-02T15:44:04Z">
          <reporter-output>
          </reporter-output>
        </test-method> <!-- BeforeTests -->
        <test-method status="FAIL" signature="verifyWhoIsAndLineupChange()[pri:0, instance:test.java.NGtests@29774679]" name="verifyWhoIsAndLineupChange" duration-ms="4561" started-at="2018-11-02T15:44:04Z" finished-at="2018-11-02T15:44:09Z">
          <exception class="java.lang.AssertionError">
            <message>
              <![CDATA[The following asserts failed:
null,
   first and second equal,
   first and second equal,
   first and second equal,
   first and second equal,
   first and second equal,
null,
   first and second equal,
   first and second equal,
   first and second equal,
   first and second equal,
   first and second equal,
null,
   first and second equal,
   first and second equal,
   first and second equal,
   first and second equal,
   first and second equal]]>
            </message>
            <full-stacktrace>
              <![CDATA[java.lang.AssertionError: The following asserts failed:
null,
   first and second equal,
   first and second equal,
   first and second equal,
   first and second equal,
   first and second equal,
null,
   first and second equal,
   first and second equal,
   first and second equal,
   first and second equal,
   first and second equal,
null,
   first and second equal,
   first and second equal,
   first and second equal,
   first and second equal,
   first and second equal
at org.testng.asserts.SoftAssert.assertAll(SoftAssert.java:43)
at pages.GamePage.verifyWhoIsAndLineupChange(GamePage.java:119)
at test.java.NGtests.verifyWhoIsAndLineupChange(NGtests.java:53)
at sun.reflect.NativeMethodAccessorImpl.invoke0(Native Method)
at sun.reflect.NativeMethodAccessorImpl.invoke(Unknown Source)
at sun.reflect.DelegatingMethodAccessorImpl.invoke(Unknown Source)
at java.lang.reflect.Method.invoke(Unknown Source)
at org.testng.internal.MethodInvocationHelper.invokeMethod(MethodInvocationHelper.java:124)
at org.testng.internal.Invoker.invokeMethod(Invoker.java:583)
at org.testng.internal.Invoker.invokeTestMethod(Invoker.java:719)
at org.testng.internal.Invoker.invokeTestMethods(Invoker.java:989)
at org.testng.internal.TestMethodWorker.invokeTestMethods(TestMethodWorker.java:125)
at org.testng.internal.TestMethodWorker.run(TestMethodWorker.java:109)
at org.testng.TestRunner.privateRun(TestRunner.java:648)
at org.testng.TestRunner.run(TestRunner.java:505)
at org.testng.SuiteRunner.runTest(SuiteRunner.java:455)
at org.testng.SuiteRunner.runSequentially(SuiteRunner.java:450)
at org.testng.SuiteRunner.privateRun(SuiteRunner.java:415)
at org.testng.SuiteRunner.run(SuiteRunner.java:364)
at org.testng.SuiteRunnerWorker.runSuite(SuiteRunnerWorker.java:52)
at org.testng.SuiteRunnerWorker.run(SuiteRunnerWorker.java:84)
at org.testng.TestNG.runSuitesSequentially(TestNG.java:1208)
at org.testng.TestNG.runSuitesLocally(TestNG.java:1137)
at org.testng.TestNG.runSuites(TestNG.java:1049)
at org.testng.TestNG.run(TestNG.java:1017)
at org.testng.remote.AbstractRemoteTestNG.run(AbstractRemoteTestNG.java:114)
at org.testng.remote.RemoteTestNG.initAndRun(RemoteTestNG.java:251)
at org.testng.remote.RemoteTestNG.main(RemoteTestNG.java:77)
]]>
            </full-stacktrace>
          </exception> <!-- java.lang.AssertionError -->
          <reporter-output>
          </reporter-output>
        </test-method> <!-- verifyWhoIsAndLineupChange -->
        <test-method status="PASS" signature="AfterTests()[pri:0, instance:test.java.NGtests@29774679]" name="AfterTests" is-config="true" duration-ms="793" started-at="2018-11-02T15:44:09Z" finished-at="2018-11-02T15:44:09Z">
          <reporter-output>
          </reporter-output>
        </test-method> <!-- AfterTests -->
      </class> <!-- test.java.NGtests -->
    </test> <!-- Default test -->
  </suite> <!-- Default suite -->
</testng-results>
